{"level":"info","message":"âŒ› Building environment","timeElapsed":177,"timestamp":"2025-11-17T16:56:30.539Z"}
{"level":"info","message":"âŒ› Building environment","timeElapsed":156,"timestamp":"2025-11-17T16:56:31.336Z"}
{"level":"info","message":"âŒ› Building environment","timeElapsed":177,"timestamp":"2025-11-17T16:56:43.067Z"}
{"level":"info","message":"Removing diagnostics from /C:/Users/Cristian/Documents/obj1-cursada/TPGameIntegrador-diegogoso/enemigos.wlk","timestamp":"2025-11-17T16:56:43.168Z"}
{"level":"error","message":"âœ˜ Failed to rebuild document Failed to parse hechizos.wlk: \n-- PARSING FAILED --------------------------------------------------\n\n  16 |       game.addVisual(self)\n  17 |       self.moverHechizo(jugador.ultimaDireccion())\n> 18 |     }\n     |     ^\n  19 | \n  20 |   method moverHechizo(direccion){\n\nExpected one of the following: \n\n'@', 'class', 'const', 'describe', 'mixin', 'object', 'only', 'package', 'program', 'test', 'var', '{', EOF, comment, not \"}\r\n\r\n  \", whitespace\n","stack":"Error: Failed to parse hechizos.wlk: \n-- PARSING FAILED --------------------------------------------------\n\n  16 |       game.addVisual(self)\n  17 |       self.moverHechizo(jugador.ultimaDireccion())\n> 18 |     }\n     |     ^\n  19 | \n  20 |   method moverHechizo(direccion){\n\nExpected one of the following: \n\n'@', 'class', 'const', 'describe', 'mixin', 'object', 'only', 'package', 'program', 'test', 'var', '{', EOF, comment, not \"}\r\n\r\n  \", whitespace\n\n    at c:\\Users\\Cristian\\.vscode\\extensions\\uqbar.wollok-lsp-ide-0.5.3\\out\\server\\src\\server.js:2348:13026\n    at Array.map (<anonymous>)\n    at W1n (c:\\Users\\Cristian\\.vscode\\extensions\\uqbar.wollok-lsp-ide-0.5.3\\out\\server\\src\\server.js:2348:12950)\n    at U2.buildEnvironmentFrom (c:\\Users\\Cristian\\.vscode\\extensions\\uqbar.wollok-lsp-ide-0.5.3\\out\\server\\src\\server.js:2393:5254)\n    at U2.updateEnvironmentWith (c:\\Users\\Cristian\\.vscode\\extensions\\uqbar.wollok-lsp-ide-0.5.3\\out\\server\\src\\server.js:2393:4989)\n    at JF (c:\\Users\\Cristian\\.vscode\\extensions\\uqbar.wollok-lsp-ide-0.5.3\\out\\server\\src\\server.js:2393:7383)\n    at F3.invoke (c:\\Users\\Cristian\\.vscode\\extensions\\uqbar.wollok-lsp-ide-0.5.3\\out\\server\\src\\server.js:3:157334)\n    at o.fire (c:\\Users\\Cristian\\.vscode\\extensions\\uqbar.wollok-lsp-ide-0.5.3\\out\\server\\src\\server.js:3:158104)\n    at c:\\Users\\Cristian\\.vscode\\extensions\\uqbar.wollok-lsp-ide-0.5.3\\out\\server\\src\\server.js:37:57871\n    at Zr (c:\\Users\\Cristian\\.vscode\\extensions\\uqbar.wollok-lsp-ide-0.5.3\\out\\server\\src\\server.js:8:1561)","timestamp":"2025-11-17T16:57:09.866Z"}
{"level":"error","message":"âœ˜ Completions for node Parameter ([12:17, 12:18] - hechizos.wlk) failed: Error: [Parameter]{47e99c} at hechizos.wlk:12 exhausted all cases without a match [Parameter]{47e99c} at hechizos.wlk:12 exhausted all cases without a match","stack":"Error: [Parameter]{47e99c} at hechizos.wlk:12 exhausted all cases without a match\n    at c:\\Users\\Cristian\\.vscode\\extensions\\uqbar.wollok-lsp-ide-0.5.3\\out\\server\\src\\server.js:38:6142\n    at D2 (c:\\Users\\Cristian\\.vscode\\extensions\\uqbar.wollok-lsp-ide-0.5.3\\out\\server\\src\\server.js:2384:42)\n    at c:\\Users\\Cristian\\.vscode\\extensions\\uqbar.wollok-lsp-ide-0.5.3\\out\\server\\src\\server.js:2384:2988\n    at c:\\Users\\Cristian\\.vscode\\extensions\\uqbar.wollok-lsp-ide-0.5.3\\out\\server\\src\\server.js:2393:8440\n    at c:\\Users\\Cristian\\.vscode\\extensions\\uqbar.wollok-lsp-ide-0.5.3\\out\\server\\src\\server.js:37:74872\n    at Ye (c:\\Users\\Cristian\\.vscode\\extensions\\uqbar.wollok-lsp-ide-0.5.3\\out\\server\\src\\server.js:7:8527)\n    at qt (c:\\Users\\Cristian\\.vscode\\extensions\\uqbar.wollok-lsp-ide-0.5.3\\out\\server\\src\\server.js:7:6189)\n    at ot (c:\\Users\\Cristian\\.vscode\\extensions\\uqbar.wollok-lsp-ide-0.5.3\\out\\server\\src\\server.js:7:6378)\n    at Immediate._onImmediate (c:\\Users\\Cristian\\.vscode\\extensions\\uqbar.wollok-lsp-ide-0.5.3\\out\\server\\src\\server.js:7:6142)\n    at process.processImmediate (node:internal/timers:485:21)","timestamp":"2025-11-17T16:57:24.546Z"}
{"level":"error","message":"âœ˜ Completions for node Parameter ([12:17, 12:19] - hechizos.wlk) failed: Error: [Parameter]{31b64a} at hechizos.wlk:12 exhausted all cases without a match [Parameter]{31b64a} at hechizos.wlk:12 exhausted all cases without a match","stack":"Error: [Parameter]{31b64a} at hechizos.wlk:12 exhausted all cases without a match\n    at c:\\Users\\Cristian\\.vscode\\extensions\\uqbar.wollok-lsp-ide-0.5.3\\out\\server\\src\\server.js:38:6142\n    at D2 (c:\\Users\\Cristian\\.vscode\\extensions\\uqbar.wollok-lsp-ide-0.5.3\\out\\server\\src\\server.js:2384:42)\n    at c:\\Users\\Cristian\\.vscode\\extensions\\uqbar.wollok-lsp-ide-0.5.3\\out\\server\\src\\server.js:2384:2988\n    at c:\\Users\\Cristian\\.vscode\\extensions\\uqbar.wollok-lsp-ide-0.5.3\\out\\server\\src\\server.js:2393:8440\n    at c:\\Users\\Cristian\\.vscode\\extensions\\uqbar.wollok-lsp-ide-0.5.3\\out\\server\\src\\server.js:37:74872\n    at Ye (c:\\Users\\Cristian\\.vscode\\extensions\\uqbar.wollok-lsp-ide-0.5.3\\out\\server\\src\\server.js:7:8527)\n    at qt (c:\\Users\\Cristian\\.vscode\\extensions\\uqbar.wollok-lsp-ide-0.5.3\\out\\server\\src\\server.js:7:6189)\n    at ot (c:\\Users\\Cristian\\.vscode\\extensions\\uqbar.wollok-lsp-ide-0.5.3\\out\\server\\src\\server.js:7:6378)\n    at Immediate._onImmediate (c:\\Users\\Cristian\\.vscode\\extensions\\uqbar.wollok-lsp-ide-0.5.3\\out\\server\\src\\server.js:7:6142)\n    at process.processImmediate (node:internal/timers:485:21)","timestamp":"2025-11-17T16:57:24.738Z"}
{"level":"error","message":"âœ˜ Completions for node Parameter ([12:17, 12:20] - hechizos.wlk) failed: Error: [Parameter]{fa19c1} at hechizos.wlk:12 exhausted all cases without a match [Parameter]{fa19c1} at hechizos.wlk:12 exhausted all cases without a match","stack":"Error: [Parameter]{fa19c1} at hechizos.wlk:12 exhausted all cases without a match\n    at c:\\Users\\Cristian\\.vscode\\extensions\\uqbar.wollok-lsp-ide-0.5.3\\out\\server\\src\\server.js:38:6142\n    at D2 (c:\\Users\\Cristian\\.vscode\\extensions\\uqbar.wollok-lsp-ide-0.5.3\\out\\server\\src\\server.js:2384:42)\n    at c:\\Users\\Cristian\\.vscode\\extensions\\uqbar.wollok-lsp-ide-0.5.3\\out\\server\\src\\server.js:2384:2988\n    at c:\\Users\\Cristian\\.vscode\\extensions\\uqbar.wollok-lsp-ide-0.5.3\\out\\server\\src\\server.js:2393:8440\n    at c:\\Users\\Cristian\\.vscode\\extensions\\uqbar.wollok-lsp-ide-0.5.3\\out\\server\\src\\server.js:37:74872\n    at Ye (c:\\Users\\Cristian\\.vscode\\extensions\\uqbar.wollok-lsp-ide-0.5.3\\out\\server\\src\\server.js:7:8527)\n    at qt (c:\\Users\\Cristian\\.vscode\\extensions\\uqbar.wollok-lsp-ide-0.5.3\\out\\server\\src\\server.js:7:6189)\n    at ot (c:\\Users\\Cristian\\.vscode\\extensions\\uqbar.wollok-lsp-ide-0.5.3\\out\\server\\src\\server.js:7:6378)\n    at Immediate._onImmediate (c:\\Users\\Cristian\\.vscode\\extensions\\uqbar.wollok-lsp-ide-0.5.3\\out\\server\\src\\server.js:7:6142)\n    at process.processImmediate (node:internal/timers:485:21)","timestamp":"2025-11-17T16:57:24.884Z"}
{"level":"error","message":"âœ˜ Completions for node Parameter ([12:17, 12:21] - hechizos.wlk) failed: Error: [Parameter]{5e808d} at hechizos.wlk:12 exhausted all cases without a match [Parameter]{5e808d} at hechizos.wlk:12 exhausted all cases without a match","stack":"Error: [Parameter]{5e808d} at hechizos.wlk:12 exhausted all cases without a match\n    at c:\\Users\\Cristian\\.vscode\\extensions\\uqbar.wollok-lsp-ide-0.5.3\\out\\server\\src\\server.js:38:6142\n    at D2 (c:\\Users\\Cristian\\.vscode\\extensions\\uqbar.wollok-lsp-ide-0.5.3\\out\\server\\src\\server.js:2384:42)\n    at c:\\Users\\Cristian\\.vscode\\extensions\\uqbar.wollok-lsp-ide-0.5.3\\out\\server\\src\\server.js:2384:2988\n    at c:\\Users\\Cristian\\.vscode\\extensions\\uqbar.wollok-lsp-ide-0.5.3\\out\\server\\src\\server.js:2393:8440\n    at c:\\Users\\Cristian\\.vscode\\extensions\\uqbar.wollok-lsp-ide-0.5.3\\out\\server\\src\\server.js:37:74872\n    at Ye (c:\\Users\\Cristian\\.vscode\\extensions\\uqbar.wollok-lsp-ide-0.5.3\\out\\server\\src\\server.js:7:8527)\n    at qt (c:\\Users\\Cristian\\.vscode\\extensions\\uqbar.wollok-lsp-ide-0.5.3\\out\\server\\src\\server.js:7:6189)\n    at ot (c:\\Users\\Cristian\\.vscode\\extensions\\uqbar.wollok-lsp-ide-0.5.3\\out\\server\\src\\server.js:7:6378)\n    at Immediate._onImmediate (c:\\Users\\Cristian\\.vscode\\extensions\\uqbar.wollok-lsp-ide-0.5.3\\out\\server\\src\\server.js:7:6142)\n    at process.processImmediate (node:internal/timers:485:21)","timestamp":"2025-11-17T16:57:25.024Z"}
{"level":"error","message":"âœ˜ Completions for node Parameter ([12:17, 12:22] - hechizos.wlk) failed: Error: [Parameter]{871eb9} at hechizos.wlk:12 exhausted all cases without a match [Parameter]{871eb9} at hechizos.wlk:12 exhausted all cases without a match","stack":"Error: [Parameter]{871eb9} at hechizos.wlk:12 exhausted all cases without a match\n    at c:\\Users\\Cristian\\.vscode\\extensions\\uqbar.wollok-lsp-ide-0.5.3\\out\\server\\src\\server.js:38:6142\n    at D2 (c:\\Users\\Cristian\\.vscode\\extensions\\uqbar.wollok-lsp-ide-0.5.3\\out\\server\\src\\server.js:2384:42)\n    at c:\\Users\\Cristian\\.vscode\\extensions\\uqbar.wollok-lsp-ide-0.5.3\\out\\server\\src\\server.js:2384:2988\n    at c:\\Users\\Cristian\\.vscode\\extensions\\uqbar.wollok-lsp-ide-0.5.3\\out\\server\\src\\server.js:2393:8440\n    at c:\\Users\\Cristian\\.vscode\\extensions\\uqbar.wollok-lsp-ide-0.5.3\\out\\server\\src\\server.js:37:74872\n    at Ye (c:\\Users\\Cristian\\.vscode\\extensions\\uqbar.wollok-lsp-ide-0.5.3\\out\\server\\src\\server.js:7:8527)\n    at qt (c:\\Users\\Cristian\\.vscode\\extensions\\uqbar.wollok-lsp-ide-0.5.3\\out\\server\\src\\server.js:7:6189)\n    at ot (c:\\Users\\Cristian\\.vscode\\extensions\\uqbar.wollok-lsp-ide-0.5.3\\out\\server\\src\\server.js:7:6378)\n    at Immediate._onImmediate (c:\\Users\\Cristian\\.vscode\\extensions\\uqbar.wollok-lsp-ide-0.5.3\\out\\server\\src\\server.js:7:6142)\n    at process.processImmediate (node:internal/timers:485:21)","timestamp":"2025-11-17T16:57:25.216Z"}
{"level":"error","message":"âœ˜ Completions for node Parameter ([12:17, 12:23] - hechizos.wlk) failed: Error: [Parameter]{f0c409} at hechizos.wlk:12 exhausted all cases without a match [Parameter]{f0c409} at hechizos.wlk:12 exhausted all cases without a match","stack":"Error: [Parameter]{f0c409} at hechizos.wlk:12 exhausted all cases without a match\n    at c:\\Users\\Cristian\\.vscode\\extensions\\uqbar.wollok-lsp-ide-0.5.3\\out\\server\\src\\server.js:38:6142\n    at D2 (c:\\Users\\Cristian\\.vscode\\extensions\\uqbar.wollok-lsp-ide-0.5.3\\out\\server\\src\\server.js:2384:42)\n    at c:\\Users\\Cristian\\.vscode\\extensions\\uqbar.wollok-lsp-ide-0.5.3\\out\\server\\src\\server.js:2384:2988\n    at c:\\Users\\Cristian\\.vscode\\extensions\\uqbar.wollok-lsp-ide-0.5.3\\out\\server\\src\\server.js:2393:8440\n    at c:\\Users\\Cristian\\.vscode\\extensions\\uqbar.wollok-lsp-ide-0.5.3\\out\\server\\src\\server.js:37:74872\n    at Ye (c:\\Users\\Cristian\\.vscode\\extensions\\uqbar.wollok-lsp-ide-0.5.3\\out\\server\\src\\server.js:7:8527)\n    at qt (c:\\Users\\Cristian\\.vscode\\extensions\\uqbar.wollok-lsp-ide-0.5.3\\out\\server\\src\\server.js:7:6189)\n    at ot (c:\\Users\\Cristian\\.vscode\\extensions\\uqbar.wollok-lsp-ide-0.5.3\\out\\server\\src\\server.js:7:6378)\n    at Immediate._onImmediate (c:\\Users\\Cristian\\.vscode\\extensions\\uqbar.wollok-lsp-ide-0.5.3\\out\\server\\src\\server.js:7:6142)\n    at process.processImmediate (node:internal/timers:485:21)","timestamp":"2025-11-17T16:57:25.368Z"}
{"level":"error","message":"âœ˜ Completions for node Parameter ([12:17, 12:24] - hechizos.wlk) failed: Error: [Parameter]{d8e647} at hechizos.wlk:12 exhausted all cases without a match [Parameter]{d8e647} at hechizos.wlk:12 exhausted all cases without a match","stack":"Error: [Parameter]{d8e647} at hechizos.wlk:12 exhausted all cases without a match\n    at c:\\Users\\Cristian\\.vscode\\extensions\\uqbar.wollok-lsp-ide-0.5.3\\out\\server\\src\\server.js:38:6142\n    at D2 (c:\\Users\\Cristian\\.vscode\\extensions\\uqbar.wollok-lsp-ide-0.5.3\\out\\server\\src\\server.js:2384:42)\n    at c:\\Users\\Cristian\\.vscode\\extensions\\uqbar.wollok-lsp-ide-0.5.3\\out\\server\\src\\server.js:2384:2988\n    at c:\\Users\\Cristian\\.vscode\\extensions\\uqbar.wollok-lsp-ide-0.5.3\\out\\server\\src\\server.js:2393:8440\n    at c:\\Users\\Cristian\\.vscode\\extensions\\uqbar.wollok-lsp-ide-0.5.3\\out\\server\\src\\server.js:37:74872\n    at Ye (c:\\Users\\Cristian\\.vscode\\extensions\\uqbar.wollok-lsp-ide-0.5.3\\out\\server\\src\\server.js:7:8527)\n    at qt (c:\\Users\\Cristian\\.vscode\\extensions\\uqbar.wollok-lsp-ide-0.5.3\\out\\server\\src\\server.js:7:6189)\n    at ot (c:\\Users\\Cristian\\.vscode\\extensions\\uqbar.wollok-lsp-ide-0.5.3\\out\\server\\src\\server.js:7:6378)\n    at Immediate._onImmediate (c:\\Users\\Cristian\\.vscode\\extensions\\uqbar.wollok-lsp-ide-0.5.3\\out\\server\\src\\server.js:7:6142)\n    at process.processImmediate (node:internal/timers:485:21)","timestamp":"2025-11-17T16:57:25.520Z"}
{"level":"error","message":"âœ˜ Completions for node Parameter ([12:17, 12:26] - hechizos.wlk) failed: Error: [Parameter]{f5fe4a} at hechizos.wlk:12 exhausted all cases without a match [Parameter]{f5fe4a} at hechizos.wlk:12 exhausted all cases without a match","stack":"Error: [Parameter]{f5fe4a} at hechizos.wlk:12 exhausted all cases without a match\n    at c:\\Users\\Cristian\\.vscode\\extensions\\uqbar.wollok-lsp-ide-0.5.3\\out\\server\\src\\server.js:38:6142\n    at D2 (c:\\Users\\Cristian\\.vscode\\extensions\\uqbar.wollok-lsp-ide-0.5.3\\out\\server\\src\\server.js:2384:42)\n    at c:\\Users\\Cristian\\.vscode\\extensions\\uqbar.wollok-lsp-ide-0.5.3\\out\\server\\src\\server.js:2384:2988\n    at c:\\Users\\Cristian\\.vscode\\extensions\\uqbar.wollok-lsp-ide-0.5.3\\out\\server\\src\\server.js:2393:8440\n    at c:\\Users\\Cristian\\.vscode\\extensions\\uqbar.wollok-lsp-ide-0.5.3\\out\\server\\src\\server.js:37:74872\n    at Ye (c:\\Users\\Cristian\\.vscode\\extensions\\uqbar.wollok-lsp-ide-0.5.3\\out\\server\\src\\server.js:7:8527)\n    at qt (c:\\Users\\Cristian\\.vscode\\extensions\\uqbar.wollok-lsp-ide-0.5.3\\out\\server\\src\\server.js:7:6189)\n    at ot (c:\\Users\\Cristian\\.vscode\\extensions\\uqbar.wollok-lsp-ide-0.5.3\\out\\server\\src\\server.js:7:6378)\n    at Immediate._onImmediate (c:\\Users\\Cristian\\.vscode\\extensions\\uqbar.wollok-lsp-ide-0.5.3\\out\\server\\src\\server.js:7:6142)\n    at process.processImmediate (node:internal/timers:485:21)","timestamp":"2025-11-17T16:57:25.727Z"}
{"level":"info","message":"ðŸš€ Program executed \u001b[3m\u001b[34mgame.redWaterMystery\u001b[39m\u001b[23m on \u001b[3m\u001b[34mc:\\Users\\Cristian\\Documents\\obj1-cursada\\TPGameIntegrador-diegogoso\u001b[39m\u001b[23m","ok":true,"timeElapsed":338,"timestamp":"2025-11-17T17:00:21.988Z"}
{"level":"info","message":"âŒ› Validating juego.wlk","timeElapsed":106,"timestamp":"2025-11-17T17:01:43.521Z"}
{"exitCode":"SIGHUP","level":"info","message":"ðŸ‘¾ Game executed game.redWaterMystery on c:\\Users\\Cristian\\Documents\\obj1-cursada\\TPGameIntegrador-diegogoso","timeElapsed":97678,"timestamp":"2025-11-17T17:01:59.327Z"}
{"level":"info","message":"ðŸš€ Program executed \u001b[3m\u001b[34mgame.redWaterMystery\u001b[39m\u001b[23m on \u001b[3m\u001b[34mc:\\Users\\Cristian\\Documents\\obj1-cursada\\TPGameIntegrador-diegogoso\u001b[39m\u001b[23m","ok":true,"timeElapsed":504,"timestamp":"2025-11-17T17:02:00.734Z"}
{"level":"info","message":"âŒ› Building environment","timeElapsed":167,"timestamp":"2025-11-17T17:08:18.482Z"}
{"level":"info","message":"âŒ› Validating clases.wlk","timeElapsed":104,"timestamp":"2025-11-17T17:08:18.587Z"}
{"level":"info","message":"ðŸš€ Program executed \u001b[3m\u001b[34mgame.redWaterMystery\u001b[39m\u001b[23m on \u001b[3m\u001b[34mc:\\Users\\Cristian\\Documents\\obj1-cursada\\TPGameIntegrador-diegogoso\u001b[39m\u001b[23m","ok":true,"timeElapsed":357,"timestamp":"2025-11-17T17:09:21.740Z"}
{"level":"info","message":"âŒ› Building environment","timeElapsed":114,"timestamp":"2025-11-17T17:10:08.959Z"}
{"level":"info","message":"âŒ› Building environment","timeElapsed":106,"timestamp":"2025-11-17T17:10:09.066Z"}
{"exitCode":"SIGHUP","level":"info","message":"ðŸ‘¾ Game executed game.redWaterMystery on c:\\Users\\Cristian\\Documents\\obj1-cursada\\TPGameIntegrador-diegogoso","timeElapsed":121169,"timestamp":"2025-11-17T17:11:22.552Z"}
